1497337420108	geckodriver	INFO	Listening on 127.0.0.1:37120
1497337421203	geckodriver::marionette	INFO	Starting browser /usr/bin/firefox with args ["-marionette"]

(firefox:7554): GLib-GObject-CRITICAL **: g_object_ref: assertion 'object->ref_count > 0' failed

(firefox:7554): GLib-GObject-CRITICAL **: g_object_unref: assertion 'object->ref_count > 0' failed

(firefox:7554): GLib-GObject-CRITICAL **: g_object_ref: assertion 'object->ref_count > 0' failed

(firefox:7554): GLib-GObject-CRITICAL **: g_object_unref: assertion 'object->ref_count > 0' failed
1497337425182	Marionette	INFO	Listening on port 50569
1497337425314	Marionette	WARN	TLS certificate errors will be ignored for this session

(/usr/lib/firefox/firefox:7629): GLib-GObject-CRITICAL **: g_object_ref: assertion 'object->ref_count > 0' failed

(/usr/lib/firefox/firefox:7629): GLib-GObject-CRITICAL **: g_object_unref: assertion 'object->ref_count > 0' failed

(/usr/lib/firefox/firefox:7629): GLib-GObject-CRITICAL **: g_object_ref: assertion 'object->ref_count > 0' failed

(/usr/lib/firefox/firefox:7629): GLib-GObject-CRITICAL **: g_object_unref: assertion 'object->ref_count > 0' failed
1497337426183	Marionette	INFO	New connections will no longer be accepted
1497337458072	geckodriver	INFO	Listening on 127.0.0.1:45073
1497337459164	geckodriver::marionette	INFO	Starting browser /usr/bin/firefox with args ["-marionette"]

(firefox:7858): GLib-GObject-CRITICAL **: g_object_ref: assertion 'object->ref_count > 0' failed

(firefox:7858): GLib-GObject-CRITICAL **: g_object_unref: assertion 'object->ref_count > 0' failed

(firefox:7858): GLib-GObject-CRITICAL **: g_object_ref: assertion 'object->ref_count > 0' failed

(firefox:7858): GLib-GObject-CRITICAL **: g_object_unref: assertion 'object->ref_count > 0' failed
1497337463200	Marionette	INFO	Listening on port 60305

(/usr/lib/firefox/firefox:7936): GLib-GObject-CRITICAL **: g_object_ref: assertion 'object->ref_count > 0' failed

(/usr/lib/firefox/firefox:7936): GLib-GObject-CRITICAL **: g_object_unref: assertion 'object->ref_count > 0' failed

(/usr/lib/firefox/firefox:7936): GLib-GObject-CRITICAL **: g_object_ref: assertion 'object->ref_count > 0' failed

(/usr/lib/firefox/firefox:7936): GLib-GObject-CRITICAL **: g_object_unref: assertion 'object->ref_count > 0' failed
1497337463291	Marionette	WARN	TLS certificate errors will be ignored for this session
1497337464155	Marionette	INFO	New connections will no longer be accepted
[Child 7936] WARNING: pipe error (3): 连接被对方重设: file /build/firefox-EX_27g/firefox-53.0.3+build1/ipc/chromium/src/chrome/common/ipc_channel_posix.cc, line 346
1497337500087	geckodriver	INFO	Listening on 127.0.0.1:50608
1497337501179	geckodriver::marionette	INFO	Starting browser /usr/bin/firefox with args ["-marionette"]

(firefox:8192): GLib-GObject-CRITICAL **: g_object_ref: assertion 'object->ref_count > 0' failed

(firefox:8192): GLib-GObject-CRITICAL **: g_object_unref: assertion 'object->ref_count > 0' failed

(firefox:8192): GLib-GObject-CRITICAL **: g_object_ref: assertion 'object->ref_count > 0' failed

(firefox:8192): GLib-GObject-CRITICAL **: g_object_unref: assertion 'object->ref_count > 0' failed
1497337505261	Marionette	INFO	Listening on port 57049
1497337505427	Marionette	WARN	TLS certificate errors will be ignored for this session

(/usr/lib/firefox/firefox:8266): GLib-GObject-CRITICAL **: g_object_ref: assertion 'object->ref_count > 0' failed

(/usr/lib/firefox/firefox:8266): GLib-GObject-CRITICAL **: g_object_unref: assertion 'object->ref_count > 0' failed

(/usr/lib/firefox/firefox:8266): GLib-GObject-CRITICAL **: g_object_ref: assertion 'object->ref_count > 0' failed

(/usr/lib/firefox/firefox:8266): GLib-GObject-CRITICAL **: g_object_unref: assertion 'object->ref_count > 0' failed
1497337506696	Marionette	INFO	New connections will no longer be accepted
1497337538886	geckodriver	INFO	Listening on 127.0.0.1:53044
1497337539980	geckodriver::marionette	INFO	Starting browser /usr/bin/firefox with args ["-marionette"]

(firefox:8497): GLib-GObject-CRITICAL **: g_object_ref: assertion 'object->ref_count > 0' failed

(firefox:8497): GLib-GObject-CRITICAL **: g_object_unref: assertion 'object->ref_count > 0' failed

(firefox:8497): GLib-GObject-CRITICAL **: g_object_ref: assertion 'object->ref_count > 0' failed

(firefox:8497): GLib-GObject-CRITICAL **: g_object_unref: assertion 'object->ref_count > 0' failed
1497337543965	Marionette	INFO	Listening on port 52417
1497337544095	Marionette	WARN	TLS certificate errors will be ignored for this session

(/usr/lib/firefox/firefox:8583): GLib-GObject-CRITICAL **: g_object_ref: assertion 'object->ref_count > 0' failed

(/usr/lib/firefox/firefox:8583): GLib-GObject-CRITICAL **: g_object_unref: assertion 'object->ref_count > 0' failed

(/usr/lib/firefox/firefox:8583): GLib-GObject-CRITICAL **: g_object_ref: assertion 'object->ref_count > 0' failed

(/usr/lib/firefox/firefox:8583): GLib-GObject-CRITICAL **: g_object_unref: assertion 'object->ref_count > 0' failed
1497337545169	Marionette	INFO	New connections will no longer be accepted
1497409975140	geckodriver	INFO	Listening on 127.0.0.1:54744
1497409976331	geckodriver::marionette	INFO	Starting browser /usr/bin/firefox with args ["-marionette"]

(firefox:13478): GLib-GObject-CRITICAL **: g_object_ref: assertion 'object->ref_count > 0' failed

(firefox:13478): GLib-GObject-CRITICAL **: g_object_unref: assertion 'object->ref_count > 0' failed

(firefox:13478): GLib-GObject-CRITICAL **: g_object_ref: assertion 'object->ref_count > 0' failed

(firefox:13478): GLib-GObject-CRITICAL **: g_object_unref: assertion 'object->ref_count > 0' failed
1497409985324	Marionette	INFO	Listening on port 57769
1497409985603	Marionette	WARN	TLS certificate errors will be ignored for this session

(/usr/lib/firefox/firefox:13580): GLib-GObject-CRITICAL **: g_object_ref: assertion 'object->ref_count > 0' failed

(/usr/lib/firefox/firefox:13580): GLib-GObject-CRITICAL **: g_object_unref: assertion 'object->ref_count > 0' failed

(/usr/lib/firefox/firefox:13580): GLib-GObject-CRITICAL **: g_object_ref: assertion 'object->ref_count > 0' failed

(/usr/lib/firefox/firefox:13580): GLib-GObject-CRITICAL **: g_object_unref: assertion 'object->ref_count > 0' failed
1497409989108	Marionette	INFO	New connections will no longer be accepted
[GFX1-]: Receive IPC close with reason=AbnormalShutdown
[Child 13580] WARNING: pipe error (3): 连接被对方重设: file /build/firefox-EX_27g/firefox-53.0.3+build1/ipc/chromium/src/chrome/common/ipc_channel_posix.cc, line 346
1497412621573	geckodriver	INFO	Listening on 127.0.0.1:58131
1497412622800	geckodriver::marionette	INFO	Starting browser /usr/bin/firefox with args ["-marionette"]

(firefox:26711): GLib-GObject-CRITICAL **: g_object_ref: assertion 'object->ref_count > 0' failed

(firefox:26711): GLib-GObject-CRITICAL **: g_object_unref: assertion 'object->ref_count > 0' failed

(firefox:26711): GLib-GObject-CRITICAL **: g_object_ref: assertion 'object->ref_count > 0' failed

(firefox:26711): GLib-GObject-CRITICAL **: g_object_unref: assertion 'object->ref_count > 0' failed
1497412631779	Marionette	INFO	Listening on port 38898
1497412632193	Marionette	WARN	TLS certificate errors will be ignored for this session

(/usr/lib/firefox/firefox:26807): GLib-GObject-CRITICAL **: g_object_ref: assertion 'object->ref_count > 0' failed

(/usr/lib/firefox/firefox:26807): GLib-GObject-CRITICAL **: g_object_unref: assertion 'object->ref_count > 0' failed

(/usr/lib/firefox/firefox:26807): GLib-GObject-CRITICAL **: g_object_ref: assertion 'object->ref_count > 0' failed

(/usr/lib/firefox/firefox:26807): GLib-GObject-CRITICAL **: g_object_unref: assertion 'object->ref_count > 0' failed
1497412634663	Marionette	INFO	New connections will no longer be accepted
[GFX1-]: Receive IPC close with reason=AbnormalShutdown
[Child 26807] WARNING: pipe error (3): 连接被对方重设: file /build/firefox-EX_27g/firefox-53.0.3+build1/ipc/chromium/src/chrome/common/ipc_channel_posix.cc, line 346
1497412683927	geckodriver	INFO	Listening on 127.0.0.1:52642
1497412685055	geckodriver::marionette	INFO	Starting browser /usr/bin/firefox with args ["-marionette"]

(firefox:27128): GLib-GObject-CRITICAL **: g_object_ref: assertion 'object->ref_count > 0' failed

(firefox:27128): GLib-GObject-CRITICAL **: g_object_unref: assertion 'object->ref_count > 0' failed

(firefox:27128): GLib-GObject-CRITICAL **: g_object_ref: assertion 'object->ref_count > 0' failed

(firefox:27128): GLib-GObject-CRITICAL **: g_object_unref: assertion 'object->ref_count > 0' failed
1497412690699	Marionette	INFO	Listening on port 57087

(/usr/lib/firefox/firefox:27209): GLib-GObject-CRITICAL **: g_object_ref: assertion 'object->ref_count > 0' failed

(/usr/lib/firefox/firefox:27209): GLib-GObject-CRITICAL **: g_object_unref: assertion 'object->ref_count > 0' failed

(/usr/lib/firefox/firefox:27209): GLib-GObject-CRITICAL **: g_object_ref: assertion 'object->ref_count > 0' failed

(/usr/lib/firefox/firefox:27209): GLib-GObject-CRITICAL **: g_object_unref: assertion 'object->ref_count > 0' failed
1497412690791	Marionette	WARN	TLS certificate errors will be ignored for this session
1497412691185	Marionette	INFO	New connections will no longer be accepted
1497413140037	geckodriver	INFO	Listening on 127.0.0.1:46032
1497413141270	geckodriver::marionette	INFO	Starting browser /usr/bin/firefox with args ["-marionette"]

(firefox:29672): GLib-GObject-CRITICAL **: g_object_ref: assertion 'object->ref_count > 0' failed

(firefox:29672): GLib-GObject-CRITICAL **: g_object_unref: assertion 'object->ref_count > 0' failed

(firefox:29672): GLib-GObject-CRITICAL **: g_object_ref: assertion 'object->ref_count > 0' failed

(firefox:29672): GLib-GObject-CRITICAL **: g_object_unref: assertion 'object->ref_count > 0' failed
1497413153257	Marionette	INFO	Listening on port 57052
1497413153929	Marionette	WARN	TLS certificate errors will be ignored for this session

(/usr/lib/firefox/firefox:29773): GLib-GObject-CRITICAL **: g_object_ref: assertion 'object->ref_count > 0' failed

(/usr/lib/firefox/firefox:29773): GLib-GObject-CRITICAL **: g_object_unref: assertion 'object->ref_count > 0' failed

(/usr/lib/firefox/firefox:29773): GLib-GObject-CRITICAL **: g_object_ref: assertion 'object->ref_count > 0' failed

(/usr/lib/firefox/firefox:29773): GLib-GObject-CRITICAL **: g_object_unref: assertion 'object->ref_count > 0' failed
1497413157957	Marionette	INFO	New connections will no longer be accepted
1497421730907	geckodriver	INFO	Listening on 127.0.0.1:60255
1497421732148	geckodriver::marionette	INFO	Starting browser /usr/bin/firefox with args ["-marionette"]

(firefox:8075): GLib-GObject-CRITICAL **: g_object_ref: assertion 'object->ref_count > 0' failed

(firefox:8075): GLib-GObject-CRITICAL **: g_object_unref: assertion 'object->ref_count > 0' failed

(firefox:8075): GLib-GObject-CRITICAL **: g_object_ref: assertion 'object->ref_count > 0' failed

(firefox:8075): GLib-GObject-CRITICAL **: g_object_unref: assertion 'object->ref_count > 0' failed
1497421744803	Marionette	INFO	Listening on port 45165
1497421745161	Marionette	WARN	TLS certificate errors will be ignored for this session

(/usr/lib/firefox/firefox:8176): GLib-GObject-CRITICAL **: g_object_ref: assertion 'object->ref_count > 0' failed

(/usr/lib/firefox/firefox:8176): GLib-GObject-CRITICAL **: g_object_unref: assertion 'object->ref_count > 0' failed

(/usr/lib/firefox/firefox:8176): GLib-GObject-CRITICAL **: g_object_ref: assertion 'object->ref_count > 0' failed

(/usr/lib/firefox/firefox:8176): GLib-GObject-CRITICAL **: g_object_unref: assertion 'object->ref_count > 0' failed
1497421748119	Marionette	INFO	New connections will no longer be accepted
1497421893664	geckodriver	INFO	Listening on 127.0.0.1:47840
1497421894848	geckodriver::marionette	INFO	Starting browser /usr/bin/firefox with args ["-marionette"]

(firefox:9057): GLib-GObject-CRITICAL **: g_object_ref: assertion 'object->ref_count > 0' failed

(firefox:9057): GLib-GObject-CRITICAL **: g_object_unref: assertion 'object->ref_count > 0' failed

(firefox:9057): GLib-GObject-CRITICAL **: g_object_ref: assertion 'object->ref_count > 0' failed

(firefox:9057): GLib-GObject-CRITICAL **: g_object_unref: assertion 'object->ref_count > 0' failed
1497421900193	Marionette	INFO	Listening on port 38011
1497421900887	Marionette	WARN	TLS certificate errors will be ignored for this session

(/usr/lib/firefox/firefox:9142): GLib-GObject-CRITICAL **: g_object_ref: assertion 'object->ref_count > 0' failed

(/usr/lib/firefox/firefox:9142): GLib-GObject-CRITICAL **: g_object_unref: assertion 'object->ref_count > 0' failed

(/usr/lib/firefox/firefox:9142): GLib-GObject-CRITICAL **: g_object_ref: assertion 'object->ref_count > 0' failed

(/usr/lib/firefox/firefox:9142): GLib-GObject-CRITICAL **: g_object_unref: assertion 'object->ref_count > 0' failed
1497421903822	Marionette	INFO	New connections will no longer be accepted
1497425544607	geckodriver	INFO	Listening on 127.0.0.1:59642
1497425545842	geckodriver::marionette	INFO	Starting browser /usr/bin/firefox with args ["-marionette"]

(firefox:30114): GLib-GObject-CRITICAL **: g_object_ref: assertion 'object->ref_count > 0' failed

(firefox:30114): GLib-GObject-CRITICAL **: g_object_unref: assertion 'object->ref_count > 0' failed

(firefox:30114): GLib-GObject-CRITICAL **: g_object_ref: assertion 'object->ref_count > 0' failed

(firefox:30114): GLib-GObject-CRITICAL **: g_object_unref: assertion 'object->ref_count > 0' failed
1497425556347	Marionette	INFO	Listening on port 44742
1497425556820	Marionette	WARN	TLS certificate errors will be ignored for this session

(/usr/lib/firefox/firefox:30216): GLib-GObject-CRITICAL **: g_object_ref: assertion 'object->ref_count > 0' failed

(/usr/lib/firefox/firefox:30216): GLib-GObject-CRITICAL **: g_object_unref: assertion 'object->ref_count > 0' failed

(/usr/lib/firefox/firefox:30216): GLib-GObject-CRITICAL **: g_object_ref: assertion 'object->ref_count > 0' failed

(/usr/lib/firefox/firefox:30216): GLib-GObject-CRITICAL **: g_object_unref: assertion 'object->ref_count > 0' failed
1497425560793	Marionette	INFO	New connections will no longer be accepted
1497426355214	geckodriver	INFO	Listening on 127.0.0.1:46532
1497426356422	geckodriver::marionette	INFO	Starting browser /usr/bin/firefox with args ["-marionette"]

(firefox:2443): GLib-GObject-CRITICAL **: g_object_ref: assertion 'object->ref_count > 0' failed

(firefox:2443): GLib-GObject-CRITICAL **: g_object_unref: assertion 'object->ref_count > 0' failed

(firefox:2443): GLib-GObject-CRITICAL **: g_object_ref: assertion 'object->ref_count > 0' failed

(firefox:2443): GLib-GObject-CRITICAL **: g_object_unref: assertion 'object->ref_count > 0' failed
1497426367676	Marionette	INFO	Listening on port 50607
1497426367952	Marionette	WARN	TLS certificate errors will be ignored for this session

(/usr/lib/firefox/firefox:2549): GLib-GObject-CRITICAL **: g_object_ref: assertion 'object->ref_count > 0' failed

(/usr/lib/firefox/firefox:2549): GLib-GObject-CRITICAL **: g_object_unref: assertion 'object->ref_count > 0' failed

(/usr/lib/firefox/firefox:2549): GLib-GObject-CRITICAL **: g_object_ref: assertion 'object->ref_count > 0' failed

(/usr/lib/firefox/firefox:2549): GLib-GObject-CRITICAL **: g_object_unref: assertion 'object->ref_count > 0' failed
1497426370569	Marionette	INFO	New connections will no longer be accepted
[GFX1-]: Receive IPC close with reason=AbnormalShutdown
[Child 2549] WARNING: pipe error (3): 连接被对方重设: file /build/firefox-EX_27g/firefox-53.0.3+build1/ipc/chromium/src/chrome/common/ipc_channel_posix.cc, line 346
1497426757012	geckodriver	INFO	Listening on 127.0.0.1:37835
1497426758149	geckodriver::marionette	INFO	Starting browser /usr/bin/firefox with args ["-marionette"]

(firefox:5039): GLib-GObject-CRITICAL **: g_object_ref: assertion 'object->ref_count > 0' failed

(firefox:5039): GLib-GObject-CRITICAL **: g_object_unref: assertion 'object->ref_count > 0' failed

(firefox:5039): GLib-GObject-CRITICAL **: g_object_ref: assertion 'object->ref_count > 0' failed

(firefox:5039): GLib-GObject-CRITICAL **: g_object_unref: assertion 'object->ref_count > 0' failed
1497426764934	Marionette	INFO	Listening on port 60187
1497426765895	Marionette	WARN	TLS certificate errors will be ignored for this session

(/usr/lib/firefox/firefox:5127): GLib-GObject-CRITICAL **: g_object_ref: assertion 'object->ref_count > 0' failed

(/usr/lib/firefox/firefox:5127): GLib-GObject-CRITICAL **: g_object_unref: assertion 'object->ref_count > 0' failed

(/usr/lib/firefox/firefox:5127): GLib-GObject-CRITICAL **: g_object_ref: assertion 'object->ref_count > 0' failed

(/usr/lib/firefox/firefox:5127): GLib-GObject-CRITICAL **: g_object_unref: assertion 'object->ref_count > 0' failed
1497426768093	Marionette	INFO	New connections will no longer be accepted
1497426820680	geckodriver	INFO	Listening on 127.0.0.1:48435
1497426821777	geckodriver::marionette	INFO	Starting browser /usr/bin/firefox with args ["-marionette"]

(firefox:5517): GLib-GObject-CRITICAL **: g_object_ref: assertion 'object->ref_count > 0' failed

(firefox:5517): GLib-GObject-CRITICAL **: g_object_unref: assertion 'object->ref_count > 0' failed

(firefox:5517): GLib-GObject-CRITICAL **: g_object_ref: assertion 'object->ref_count > 0' failed

(firefox:5517): GLib-GObject-CRITICAL **: g_object_unref: assertion 'object->ref_count > 0' failed
1497426826290	Marionette	INFO	Listening on port 45996
1497426826414	Marionette	WARN	TLS certificate errors will be ignored for this session

(/usr/lib/firefox/firefox:5609): GLib-GObject-CRITICAL **: g_object_ref: assertion 'object->ref_count > 0' failed

(/usr/lib/firefox/firefox:5609): GLib-GObject-CRITICAL **: g_object_unref: assertion 'object->ref_count > 0' failed

(/usr/lib/firefox/firefox:5609): GLib-GObject-CRITICAL **: g_object_ref: assertion 'object->ref_count > 0' failed

(/usr/lib/firefox/firefox:5609): GLib-GObject-CRITICAL **: g_object_unref: assertion 'object->ref_count > 0' failed
1497427049925	geckodriver	INFO	Listening on 127.0.0.1:44738
1497427051015	geckodriver::marionette	INFO	Starting browser /usr/bin/firefox with args ["-marionette"]

(firefox:6892): GLib-GObject-CRITICAL **: g_object_ref: assertion 'object->ref_count > 0' failed

(firefox:6892): GLib-GObject-CRITICAL **: g_object_unref: assertion 'object->ref_count > 0' failed

(firefox:6892): GLib-GObject-CRITICAL **: g_object_ref: assertion 'object->ref_count > 0' failed

(firefox:6892): GLib-GObject-CRITICAL **: g_object_unref: assertion 'object->ref_count > 0' failed
1497427054734	Marionette	INFO	Listening on port 57109
1497427054865	Marionette	WARN	TLS certificate errors will be ignored for this session

(/usr/lib/firefox/firefox:6976): GLib-GObject-CRITICAL **: g_object_ref: assertion 'object->ref_count > 0' failed

(/usr/lib/firefox/firefox:6976): GLib-GObject-CRITICAL **: g_object_unref: assertion 'object->ref_count > 0' failed

(/usr/lib/firefox/firefox:6976): GLib-GObject-CRITICAL **: g_object_ref: assertion 'object->ref_count > 0' failed

(/usr/lib/firefox/firefox:6976): GLib-GObject-CRITICAL **: g_object_unref: assertion 'object->ref_count > 0' failed

(firefox:6892): Gtk-CRITICAL **: gtk_clipboard_set_with_data: assertion 'targets != NULL' failed
*************************
A coding exception was thrown and uncaught in a Task.

Full message: TypeError: NetworkError when attempting to fetch resource.
Full stack: 
*************************
*************************
A coding exception was thrown and uncaught in a Task.

Full message: TypeError: NetworkError when attempting to fetch resource.
Full stack: 
*************************
1497427567986	geckodriver	INFO	Listening on 127.0.0.1:34413
1497427569078	geckodriver::marionette	INFO	Starting browser /usr/bin/firefox with args ["-marionette"]

(firefox:9666): GLib-GObject-CRITICAL **: g_object_ref: assertion 'object->ref_count > 0' failed

(firefox:9666): GLib-GObject-CRITICAL **: g_object_unref: assertion 'object->ref_count > 0' failed

(firefox:9666): GLib-GObject-CRITICAL **: g_object_ref: assertion 'object->ref_count > 0' failed

(firefox:9666): GLib-GObject-CRITICAL **: g_object_unref: assertion 'object->ref_count > 0' failed
1497427572779	Marionette	INFO	Listening on port 60304
1497427572944	Marionette	WARN	TLS certificate errors will be ignored for this session

(/usr/lib/firefox/firefox:9751): GLib-GObject-CRITICAL **: g_object_ref: assertion 'object->ref_count > 0' failed

(/usr/lib/firefox/firefox:9751): GLib-GObject-CRITICAL **: g_object_unref: assertion 'object->ref_count > 0' failed

(/usr/lib/firefox/firefox:9751): GLib-GObject-CRITICAL **: g_object_ref: assertion 'object->ref_count > 0' failed

(/usr/lib/firefox/firefox:9751): GLib-GObject-CRITICAL **: g_object_unref: assertion 'object->ref_count > 0' failed
1497427844929	geckodriver	INFO	Listening on 127.0.0.1:55512
1497427846022	geckodriver::marionette	INFO	Starting browser /usr/bin/firefox with args ["-marionette"]

(firefox:11245): GLib-GObject-CRITICAL **: g_object_ref: assertion 'object->ref_count > 0' failed

(firefox:11245): GLib-GObject-CRITICAL **: g_object_unref: assertion 'object->ref_count > 0' failed

(firefox:11245): GLib-GObject-CRITICAL **: g_object_ref: assertion 'object->ref_count > 0' failed

(firefox:11245): GLib-GObject-CRITICAL **: g_object_unref: assertion 'object->ref_count > 0' failed
1497427850332	Marionette	INFO	Listening on port 35316
1497427850410	Marionette	WARN	TLS certificate errors will be ignored for this session

(/usr/lib/firefox/firefox:11320): GLib-GObject-CRITICAL **: g_object_ref: assertion 'object->ref_count > 0' failed

(/usr/lib/firefox/firefox:11320): GLib-GObject-CRITICAL **: g_object_unref: assertion 'object->ref_count > 0' failed

(/usr/lib/firefox/firefox:11320): GLib-GObject-CRITICAL **: g_object_ref: assertion 'object->ref_count > 0' failed

(/usr/lib/firefox/firefox:11320): GLib-GObject-CRITICAL **: g_object_unref: assertion 'object->ref_count > 0' failed
1497427854609	Marionette	INFO	New connections will no longer be accepted
[Child 11320] WARNING: pipe error (3): 连接被对方重设: file /build/firefox-EX_27g/firefox-53.0.3+build1/ipc/chromium/src/chrome/common/ipc_channel_posix.cc, line 346
*************************
A coding exception was thrown and uncaught in a Task.

Full message: TypeError: NetworkError when attempting to fetch resource.
Full stack: 
*************************

** (firefox:6892): WARNING **: No marshaller for signature of signal 'PropertiesChanged'

** (firefox:5517): WARNING **: No marshaller for signature of signal 'PropertiesChanged'

** (firefox:9666): WARNING **: No marshaller for signature of signal 'PropertiesChanged'

(firefox:6892): Gdk-WARNING **: firefox: Fatal IO error 11 (资源暂时不可用) on X server :0.


(/usr/lib/firefox/firefox:6976): Gdk-WARNING **: /usr/lib/firefox/firefox: Fatal IO error 11 (资源暂时不可用) on X server :0.


(firefox:5517): Gdk-WARNING **: firefox: Fatal IO error 11 (资源暂时不可用) on X server :0.


(/usr/lib/firefox/firefox:5609): Gdk-WARNING **: /usr/lib/firefox/firefox: Fatal IO error 11 (资源暂时不可用) on X server :0.


(firefox:9666): Gdk-WARNING **: firefox: Fatal IO error 11 (资源暂时不可用) on X server :0.


(/usr/lib/firefox/firefox:9751): Gdk-WARNING **: /usr/lib/firefox/firefox: Fatal IO error 11 (资源暂时不可用) on X server :0.

1497490367081	geckodriver	INFO	Listening on 127.0.0.1:49932
1497490368307	geckodriver::marionette	INFO	Starting browser /usr/bin/firefox with args ["-marionette"]

(firefox:19758): GLib-GObject-CRITICAL **: g_object_ref: assertion 'object->ref_count > 0' failed

(firefox:19758): GLib-GObject-CRITICAL **: g_object_unref: assertion 'object->ref_count > 0' failed

(firefox:19758): GLib-GObject-CRITICAL **: g_object_ref: assertion 'object->ref_count > 0' failed

(firefox:19758): GLib-GObject-CRITICAL **: g_object_unref: assertion 'object->ref_count > 0' failed
1497490376331	Marionette	INFO	Listening on port 51636
1497490376443	Marionette	WARN	TLS certificate errors will be ignored for this session

(/usr/lib/firefox/firefox:19851): GLib-GObject-CRITICAL **: g_object_ref: assertion 'object->ref_count > 0' failed

(/usr/lib/firefox/firefox:19851): GLib-GObject-CRITICAL **: g_object_unref: assertion 'object->ref_count > 0' failed

(/usr/lib/firefox/firefox:19851): GLib-GObject-CRITICAL **: g_object_ref: assertion 'object->ref_count > 0' failed

(/usr/lib/firefox/firefox:19851): GLib-GObject-CRITICAL **: g_object_unref: assertion 'object->ref_count > 0' failed
1497490381113	Marionette	INFO	New connections will no longer be accepted
1497490831799	geckodriver	INFO	Listening on 127.0.0.1:35144
1497490832861	geckodriver::marionette	INFO	Starting browser /usr/bin/firefox with args ["-marionette"]

(firefox:22532): GLib-GObject-CRITICAL **: g_object_ref: assertion 'object->ref_count > 0' failed

(firefox:22532): GLib-GObject-CRITICAL **: g_object_unref: assertion 'object->ref_count > 0' failed

(firefox:22532): GLib-GObject-CRITICAL **: g_object_ref: assertion 'object->ref_count > 0' failed

(firefox:22532): GLib-GObject-CRITICAL **: g_object_unref: assertion 'object->ref_count > 0' failed
1497490838237	Marionette	INFO	Listening on port 58497
1497490838306	Marionette	WARN	TLS certificate errors will be ignored for this session

(/usr/lib/firefox/firefox:22613): GLib-GObject-CRITICAL **: g_object_ref: assertion 'object->ref_count > 0' failed

(/usr/lib/firefox/firefox:22613): GLib-GObject-CRITICAL **: g_object_unref: assertion 'object->ref_count > 0' failed

(/usr/lib/firefox/firefox:22613): GLib-GObject-CRITICAL **: g_object_ref: assertion 'object->ref_count > 0' failed

(/usr/lib/firefox/firefox:22613): GLib-GObject-CRITICAL **: g_object_unref: assertion 'object->ref_count > 0' failed
1497490843287	Marionette	INFO	New connections will no longer be accepted
1497490928583	geckodriver	INFO	Listening on 127.0.0.1:58250
1497490929674	geckodriver::marionette	INFO	Starting browser /usr/bin/firefox with args ["-marionette"]

(firefox:23196): GLib-GObject-CRITICAL **: g_object_ref: assertion 'object->ref_count > 0' failed

(firefox:23196): GLib-GObject-CRITICAL **: g_object_unref: assertion 'object->ref_count > 0' failed

(firefox:23196): GLib-GObject-CRITICAL **: g_object_ref: assertion 'object->ref_count > 0' failed

(firefox:23196): GLib-GObject-CRITICAL **: g_object_unref: assertion 'object->ref_count > 0' failed
1497490934646	Marionette	INFO	Listening on port 59629
1497490934706	Marionette	WARN	TLS certificate errors will be ignored for this session

(/usr/lib/firefox/firefox:23283): GLib-GObject-CRITICAL **: g_object_ref: assertion 'object->ref_count > 0' failed

(/usr/lib/firefox/firefox:23283): GLib-GObject-CRITICAL **: g_object_unref: assertion 'object->ref_count > 0' failed

(/usr/lib/firefox/firefox:23283): GLib-GObject-CRITICAL **: g_object_ref: assertion 'object->ref_count > 0' failed

(/usr/lib/firefox/firefox:23283): GLib-GObject-CRITICAL **: g_object_unref: assertion 'object->ref_count > 0' failed
JavaScript error: resource://gre/modules/LoginManagerParent.jsm, line 75: TypeError: this._recipeManager is null

(firefox:23196): GLib-GObject-CRITICAL **: g_object_ref: assertion 'object->ref_count > 0' failed

(firefox:23196): GLib-GObject-CRITICAL **: g_object_unref: assertion 'object->ref_count > 0' failed

(firefox:23196): GLib-GObject-CRITICAL **: g_object_ref: assertion 'object->ref_count > 0' failed

(firefox:23196): GLib-GObject-CRITICAL **: g_object_unref: assertion 'object->ref_count > 0' failed

(firefox:23196): GLib-GObject-CRITICAL **: g_object_ref: assertion 'object->ref_count > 0' failed

(firefox:23196): GLib-GObject-CRITICAL **: g_object_unref: assertion 'object->ref_count > 0' failed

(firefox:23196): GLib-GObject-CRITICAL **: g_object_ref: assertion 'object->ref_count > 0' failed

(firefox:23196): GLib-GObject-CRITICAL **: g_object_unref: assertion 'object->ref_count > 0' failed

(firefox:23196): GLib-GObject-CRITICAL **: g_object_ref: assertion 'object->ref_count > 0' failed

(firefox:23196): GLib-GObject-CRITICAL **: g_object_unref: assertion 'object->ref_count > 0' failed

(firefox:23196): GLib-GObject-CRITICAL **: g_object_ref: assertion 'object->ref_count > 0' failed

(firefox:23196): GLib-GObject-CRITICAL **: g_object_unref: assertion 'object->ref_count > 0' failed
1497491008884	geckodriver	INFO	Listening on 127.0.0.1:38593
1497491009974	geckodriver::marionette	INFO	Starting browser /usr/bin/firefox with args ["-marionette"]

(firefox:23774): GLib-GObject-CRITICAL **: g_object_ref: assertion 'object->ref_count > 0' failed

(firefox:23774): GLib-GObject-CRITICAL **: g_object_unref: assertion 'object->ref_count > 0' failed

(firefox:23774): GLib-GObject-CRITICAL **: g_object_ref: assertion 'object->ref_count > 0' failed

(firefox:23774): GLib-GObject-CRITICAL **: g_object_unref: assertion 'object->ref_count > 0' failed
1497491014062	Marionette	INFO	Listening on port 56875
1497491014115	Marionette	WARN	TLS certificate errors will be ignored for this session

(/usr/lib/firefox/firefox:23858): GLib-GObject-CRITICAL **: g_object_ref: assertion 'object->ref_count > 0' failed

(/usr/lib/firefox/firefox:23858): GLib-GObject-CRITICAL **: g_object_unref: assertion 'object->ref_count > 0' failed

(/usr/lib/firefox/firefox:23858): GLib-GObject-CRITICAL **: g_object_ref: assertion 'object->ref_count > 0' failed

(/usr/lib/firefox/firefox:23858): GLib-GObject-CRITICAL **: g_object_unref: assertion 'object->ref_count > 0' failed
1497491014807	Marionette	INFO	New connections will no longer be accepted
1497491064794	geckodriver	INFO	Listening on 127.0.0.1:36417
1497491065890	geckodriver::marionette	INFO	Starting browser /usr/bin/firefox with args ["-marionette"]

(firefox:24201): GLib-GObject-CRITICAL **: g_object_ref: assertion 'object->ref_count > 0' failed

(firefox:24201): GLib-GObject-CRITICAL **: g_object_unref: assertion 'object->ref_count > 0' failed

(firefox:24201): GLib-GObject-CRITICAL **: g_object_ref: assertion 'object->ref_count > 0' failed

(firefox:24201): GLib-GObject-CRITICAL **: g_object_unref: assertion 'object->ref_count > 0' failed
1497491069750	Marionette	INFO	Listening on port 38295
1497491069832	Marionette	WARN	TLS certificate errors will be ignored for this session

(/usr/lib/firefox/firefox:24273): GLib-GObject-CRITICAL **: g_object_ref: assertion 'object->ref_count > 0' failed

(/usr/lib/firefox/firefox:24273): GLib-GObject-CRITICAL **: g_object_unref: assertion 'object->ref_count > 0' failed

(/usr/lib/firefox/firefox:24273): GLib-GObject-CRITICAL **: g_object_ref: assertion 'object->ref_count > 0' failed

(/usr/lib/firefox/firefox:24273): GLib-GObject-CRITICAL **: g_object_unref: assertion 'object->ref_count > 0' failed
1497491070409	Marionette	INFO	New connections will no longer be accepted
1497491095525	geckodriver	INFO	Listening on 127.0.0.1:50977
1497491096616	geckodriver::marionette	INFO	Starting browser /usr/bin/firefox with args ["-marionette"]

(firefox:24480): GLib-GObject-CRITICAL **: g_object_ref: assertion 'object->ref_count > 0' failed

(firefox:24480): GLib-GObject-CRITICAL **: g_object_unref: assertion 'object->ref_count > 0' failed

(firefox:24480): GLib-GObject-CRITICAL **: g_object_ref: assertion 'object->ref_count > 0' failed

(firefox:24480): GLib-GObject-CRITICAL **: g_object_unref: assertion 'object->ref_count > 0' failed
1497491100589	Marionette	INFO	Listening on port 40142
1497491100688	Marionette	WARN	TLS certificate errors will be ignored for this session

(/usr/lib/firefox/firefox:24563): GLib-GObject-CRITICAL **: g_object_ref: assertion 'object->ref_count > 0' failed

(/usr/lib/firefox/firefox:24563): GLib-GObject-CRITICAL **: g_object_unref: assertion 'object->ref_count > 0' failed

(/usr/lib/firefox/firefox:24563): GLib-GObject-CRITICAL **: g_object_ref: assertion 'object->ref_count > 0' failed

(/usr/lib/firefox/firefox:24563): GLib-GObject-CRITICAL **: g_object_unref: assertion 'object->ref_count > 0' failed
1497491104850	Marionette	INFO	New connections will no longer be accepted
1497491228613	geckodriver	INFO	Listening on 127.0.0.1:36222
1497491229712	geckodriver::marionette	INFO	Starting browser /usr/bin/firefox with args ["-marionette"]

(firefox:25360): GLib-GObject-CRITICAL **: g_object_ref: assertion 'object->ref_count > 0' failed

(firefox:25360): GLib-GObject-CRITICAL **: g_object_unref: assertion 'object->ref_count > 0' failed

(firefox:25360): GLib-GObject-CRITICAL **: g_object_ref: assertion 'object->ref_count > 0' failed

(firefox:25360): GLib-GObject-CRITICAL **: g_object_unref: assertion 'object->ref_count > 0' failed
1497491233426	Marionette	INFO	Listening on port 52485
1497491233478	Marionette	WARN	TLS certificate errors will be ignored for this session

(/usr/lib/firefox/firefox:25437): GLib-GObject-CRITICAL **: g_object_ref: assertion 'object->ref_count > 0' failed

(/usr/lib/firefox/firefox:25437): GLib-GObject-CRITICAL **: g_object_unref: assertion 'object->ref_count > 0' failed

(/usr/lib/firefox/firefox:25437): GLib-GObject-CRITICAL **: g_object_ref: assertion 'object->ref_count > 0' failed

(/usr/lib/firefox/firefox:25437): GLib-GObject-CRITICAL **: g_object_unref: assertion 'object->ref_count > 0' failed
1497491237242	Marionette	INFO	New connections will no longer be accepted
1497491341891	geckodriver	INFO	Listening on 127.0.0.1:40029
1497491342986	geckodriver::marionette	INFO	Starting browser /usr/bin/firefox with args ["-marionette"]

(firefox:26124): GLib-GObject-CRITICAL **: g_object_ref: assertion 'object->ref_count > 0' failed

(firefox:26124): GLib-GObject-CRITICAL **: g_object_unref: assertion 'object->ref_count > 0' failed

(firefox:26124): GLib-GObject-CRITICAL **: g_object_ref: assertion 'object->ref_count > 0' failed

(firefox:26124): GLib-GObject-CRITICAL **: g_object_unref: assertion 'object->ref_count > 0' failed
1497491346711	Marionette	INFO	Listening on port 49301
1497491346836	Marionette	WARN	TLS certificate errors will be ignored for this session

(/usr/lib/firefox/firefox:26214): GLib-GObject-CRITICAL **: g_object_ref: assertion 'object->ref_count > 0' failed

(/usr/lib/firefox/firefox:26214): GLib-GObject-CRITICAL **: g_object_unref: assertion 'object->ref_count > 0' failed

(/usr/lib/firefox/firefox:26214): GLib-GObject-CRITICAL **: g_object_ref: assertion 'object->ref_count > 0' failed

(/usr/lib/firefox/firefox:26214): GLib-GObject-CRITICAL **: g_object_unref: assertion 'object->ref_count > 0' failed
1497491350562	Marionette	INFO	New connections will no longer be accepted
[Child 26214] WARNING: pipe error (3): 连接被对方重设: file /build/firefox-EX_27g/firefox-53.0.3+build1/ipc/chromium/src/chrome/common/ipc_channel_posix.cc, line 346
1497491380072	geckodriver	INFO	Listening on 127.0.0.1:53718
1497491381165	geckodriver::marionette	INFO	Starting browser /usr/bin/firefox with args ["-marionette"]

(firefox:26462): GLib-GObject-CRITICAL **: g_object_ref: assertion 'object->ref_count > 0' failed

(firefox:26462): GLib-GObject-CRITICAL **: g_object_unref: assertion 'object->ref_count > 0' failed

(firefox:26462): GLib-GObject-CRITICAL **: g_object_ref: assertion 'object->ref_count > 0' failed

(firefox:26462): GLib-GObject-CRITICAL **: g_object_unref: assertion 'object->ref_count > 0' failed
1497491384864	Marionette	INFO	Listening on port 36943
1497491384964	Marionette	WARN	TLS certificate errors will be ignored for this session

(/usr/lib/firefox/firefox:26545): GLib-GObject-CRITICAL **: g_object_ref: assertion 'object->ref_count > 0' failed

(/usr/lib/firefox/firefox:26545): GLib-GObject-CRITICAL **: g_object_unref: assertion 'object->ref_count > 0' failed

(/usr/lib/firefox/firefox:26545): GLib-GObject-CRITICAL **: g_object_ref: assertion 'object->ref_count > 0' failed

(/usr/lib/firefox/firefox:26545): GLib-GObject-CRITICAL **: g_object_unref: assertion 'object->ref_count > 0' failed
1497491388682	Marionette	INFO	New connections will no longer be accepted
1497494553968	geckodriver	INFO	Listening on 127.0.0.1:37463
1497494555078	geckodriver::marionette	INFO	Starting browser /usr/bin/firefox with args ["-marionette"]

(firefox:8051): GLib-GObject-CRITICAL **: g_object_ref: assertion 'object->ref_count > 0' failed

(firefox:8051): GLib-GObject-CRITICAL **: g_object_unref: assertion 'object->ref_count > 0' failed

(firefox:8051): GLib-GObject-CRITICAL **: g_object_ref: assertion 'object->ref_count > 0' failed

(firefox:8051): GLib-GObject-CRITICAL **: g_object_unref: assertion 'object->ref_count > 0' failed
[Parent 8051] WARNING: pipe error (50): 连接被对方重设: file /build/firefox-EX_27g/firefox-53.0.3+build1/ipc/chromium/src/chrome/common/ipc_channel_posix.cc, line 346
[Parent 8051] WARNING: pipe error (54): 连接被对方重设: file /build/firefox-EX_27g/firefox-53.0.3+build1/ipc/chromium/src/chrome/common/ipc_channel_posix.cc, line 346
[Parent 8051] WARNING: pipe error (53): 连接被对方重设: file /build/firefox-EX_27g/firefox-53.0.3+build1/ipc/chromium/src/chrome/common/ipc_channel_posix.cc, line 346
[Parent 8051] WARNING: pipe error (55): 连接被对方重设: file /build/firefox-EX_27g/firefox-53.0.3+build1/ipc/chromium/src/chrome/common/ipc_channel_posix.cc, line 346
[Parent 8051] WARNING: pipe error (57): 连接被对方重设: file /build/firefox-EX_27g/firefox-53.0.3+build1/ipc/chromium/src/chrome/common/ipc_channel_posix.cc, line 346
1497494606774	geckodriver	INFO	Listening on 127.0.0.1:46568
1497494607864	geckodriver::marionette	INFO	Starting browser /usr/bin/firefox with args ["-marionette"]

(firefox:8450): GLib-GObject-CRITICAL **: g_object_ref: assertion 'object->ref_count > 0' failed

(firefox:8450): GLib-GObject-CRITICAL **: g_object_unref: assertion 'object->ref_count > 0' failed

(firefox:8450): GLib-GObject-CRITICAL **: g_object_ref: assertion 'object->ref_count > 0' failed

(firefox:8450): GLib-GObject-CRITICAL **: g_object_unref: assertion 'object->ref_count > 0' failed
1497494612071	Marionette	INFO	Listening on port 47984
1497494612208	Marionette	WARN	TLS certificate errors will be ignored for this session

(/usr/lib/firefox/firefox:8538): GLib-GObject-CRITICAL **: g_object_ref: assertion 'object->ref_count > 0' failed

(/usr/lib/firefox/firefox:8538): GLib-GObject-CRITICAL **: g_object_unref: assertion 'object->ref_count > 0' failed

(/usr/lib/firefox/firefox:8538): GLib-GObject-CRITICAL **: g_object_ref: assertion 'object->ref_count > 0' failed

(/usr/lib/firefox/firefox:8538): GLib-GObject-CRITICAL **: g_object_unref: assertion 'object->ref_count > 0' failed
1497494616540	Marionette	INFO	New connections will no longer be accepted
1497516502542	geckodriver	INFO	Listening on 127.0.0.1:51362
1497516503735	geckodriver::marionette	INFO	Starting browser /usr/bin/firefox with args ["-marionette"]

(firefox:16733): GLib-GObject-CRITICAL **: g_object_ref: assertion 'object->ref_count > 0' failed

(firefox:16733): GLib-GObject-CRITICAL **: g_object_unref: assertion 'object->ref_count > 0' failed

(firefox:16733): GLib-GObject-CRITICAL **: g_object_ref: assertion 'object->ref_count > 0' failed

(firefox:16733): GLib-GObject-CRITICAL **: g_object_unref: assertion 'object->ref_count > 0' failed
1497516511148	Marionette	INFO	Listening on port 52669
1497516511320	Marionette	WARN	TLS certificate errors will be ignored for this session

(/usr/lib/firefox/firefox:16833): GLib-GObject-CRITICAL **: g_object_ref: assertion 'object->ref_count > 0' failed

(/usr/lib/firefox/firefox:16833): GLib-GObject-CRITICAL **: g_object_unref: assertion 'object->ref_count > 0' failed

(/usr/lib/firefox/firefox:16833): GLib-GObject-CRITICAL **: g_object_ref: assertion 'object->ref_count > 0' failed

(/usr/lib/firefox/firefox:16833): GLib-GObject-CRITICAL **: g_object_unref: assertion 'object->ref_count > 0' failed
1497516513630	Marionette	INFO	New connections will no longer be accepted
1497516575091	geckodriver	INFO	Listening on 127.0.0.1:48773
1497516576181	geckodriver::marionette	INFO	Starting browser /usr/bin/firefox with args ["-marionette"]

(firefox:17261): GLib-GObject-CRITICAL **: g_object_ref: assertion 'object->ref_count > 0' failed

(firefox:17261): GLib-GObject-CRITICAL **: g_object_unref: assertion 'object->ref_count > 0' failed

(firefox:17261): GLib-GObject-CRITICAL **: g_object_ref: assertion 'object->ref_count > 0' failed

(firefox:17261): GLib-GObject-CRITICAL **: g_object_unref: assertion 'object->ref_count > 0' failed
1497516580084	Marionette	INFO	Listening on port 40464
1497516580219	Marionette	WARN	TLS certificate errors will be ignored for this session

(/usr/lib/firefox/firefox:17351): GLib-GObject-CRITICAL **: g_object_ref: assertion 'object->ref_count > 0' failed

(/usr/lib/firefox/firefox:17351): GLib-GObject-CRITICAL **: g_object_unref: assertion 'object->ref_count > 0' failed

(/usr/lib/firefox/firefox:17351): GLib-GObject-CRITICAL **: g_object_ref: assertion 'object->ref_count > 0' failed

(/usr/lib/firefox/firefox:17351): GLib-GObject-CRITICAL **: g_object_unref: assertion 'object->ref_count > 0' failed
1497516584430	Marionette	INFO	New connections will no longer be accepted
1497516716957	geckodriver	INFO	Listening on 127.0.0.1:52407
1497516718056	geckodriver::marionette	INFO	Starting browser /usr/bin/firefox with args ["-marionette"]

(firefox:18204): GLib-GObject-CRITICAL **: g_object_ref: assertion 'object->ref_count > 0' failed

(firefox:18204): GLib-GObject-CRITICAL **: g_object_unref: assertion 'object->ref_count > 0' failed

(firefox:18204): GLib-GObject-CRITICAL **: g_object_ref: assertion 'object->ref_count > 0' failed

(firefox:18204): GLib-GObject-CRITICAL **: g_object_unref: assertion 'object->ref_count > 0' failed
1497516721954	Marionette	INFO	Listening on port 54943
1497516722084	Marionette	WARN	TLS certificate errors will be ignored for this session

(/usr/lib/firefox/firefox:18292): GLib-GObject-CRITICAL **: g_object_ref: assertion 'object->ref_count > 0' failed

(/usr/lib/firefox/firefox:18292): GLib-GObject-CRITICAL **: g_object_unref: assertion 'object->ref_count > 0' failed

(/usr/lib/firefox/firefox:18292): GLib-GObject-CRITICAL **: g_object_ref: assertion 'object->ref_count > 0' failed

(/usr/lib/firefox/firefox:18292): GLib-GObject-CRITICAL **: g_object_unref: assertion 'object->ref_count > 0' failed
1497516736524	Marionette	INFO	New connections will no longer be accepted
[Child 18292] WARNING: pipe error (3): 连接被对方重设: file /build/firefox-EX_27g/firefox-53.0.3+build1/ipc/chromium/src/chrome/common/ipc_channel_posix.cc, line 346
1497516846183	geckodriver	INFO	Listening on 127.0.0.1:34850
1497516847283	geckodriver::marionette	INFO	Starting browser /usr/bin/firefox with args ["-marionette"]

(firefox:19074): GLib-GObject-CRITICAL **: g_object_ref: assertion 'object->ref_count > 0' failed

(firefox:19074): GLib-GObject-CRITICAL **: g_object_unref: assertion 'object->ref_count > 0' failed

(firefox:19074): GLib-GObject-CRITICAL **: g_object_ref: assertion 'object->ref_count > 0' failed

(firefox:19074): GLib-GObject-CRITICAL **: g_object_unref: assertion 'object->ref_count > 0' failed
1497516851378	Marionette	INFO	Listening on port 41031
1497516851522	Marionette	WARN	TLS certificate errors will be ignored for this session

(/usr/lib/firefox/firefox:19151): GLib-GObject-CRITICAL **: g_object_ref: assertion 'object->ref_count > 0' failed

(/usr/lib/firefox/firefox:19151): GLib-GObject-CRITICAL **: g_object_unref: assertion 'object->ref_count > 0' failed

(/usr/lib/firefox/firefox:19151): GLib-GObject-CRITICAL **: g_object_ref: assertion 'object->ref_count > 0' failed

(/usr/lib/firefox/firefox:19151): GLib-GObject-CRITICAL **: g_object_unref: assertion 'object->ref_count > 0' failed
1497516855911	Marionette	INFO	New connections will no longer be accepted
[GFX1-]: Receive IPC close with reason=AbnormalShutdown
[Child 19151] WARNING: pipe error (3): 连接被对方重设: file /build/firefox-EX_27g/firefox-53.0.3+build1/ipc/chromium/src/chrome/common/ipc_channel_posix.cc, line 346
1497517766261	geckodriver	INFO	Listening on 127.0.0.1:42125
1497517767365	geckodriver::marionette	INFO	Starting browser /usr/bin/firefox with args ["-marionette"]

(firefox:24387): GLib-GObject-CRITICAL **: g_object_ref: assertion 'object->ref_count > 0' failed

(firefox:24387): GLib-GObject-CRITICAL **: g_object_unref: assertion 'object->ref_count > 0' failed

(firefox:24387): GLib-GObject-CRITICAL **: g_object_ref: assertion 'object->ref_count > 0' failed

(firefox:24387): GLib-GObject-CRITICAL **: g_object_unref: assertion 'object->ref_count > 0' failed
1497517772620	Marionette	INFO	Listening on port 44497
1497517772709	Marionette	WARN	TLS certificate errors will be ignored for this session

(/usr/lib/firefox/firefox:24469): GLib-GObject-CRITICAL **: g_object_ref: assertion 'object->ref_count > 0' failed

(/usr/lib/firefox/firefox:24469): GLib-GObject-CRITICAL **: g_object_unref: assertion 'object->ref_count > 0' failed

(/usr/lib/firefox/firefox:24469): GLib-GObject-CRITICAL **: g_object_ref: assertion 'object->ref_count > 0' failed

(/usr/lib/firefox/firefox:24469): GLib-GObject-CRITICAL **: g_object_unref: assertion 'object->ref_count > 0' failed
1497517777678	Marionette	INFO	New connections will no longer be accepted
[Child 24469] WARNING: pipe error (3): 连接被对方重设: file /build/firefox-EX_27g/firefox-53.0.3+build1/ipc/chromium/src/chrome/common/ipc_channel_posix.cc, line 346
1497601474128	geckodriver	INFO	Listening on 127.0.0.1:48365
1497601475371	geckodriver::marionette	INFO	Starting browser /usr/bin/firefox with args ["-marionette"]

(firefox:4891): GLib-GObject-CRITICAL **: g_object_ref: assertion 'object->ref_count > 0' failed

(firefox:4891): GLib-GObject-CRITICAL **: g_object_unref: assertion 'object->ref_count > 0' failed

(firefox:4891): GLib-GObject-CRITICAL **: g_object_ref: assertion 'object->ref_count > 0' failed

(firefox:4891): GLib-GObject-CRITICAL **: g_object_unref: assertion 'object->ref_count > 0' failed
1497601484453	Marionette	INFO	Listening on port 60905
1497601484624	Marionette	WARN	TLS certificate errors will be ignored for this session

(/usr/lib/firefox/firefox:5017): GLib-GObject-CRITICAL **: g_object_ref: assertion 'object->ref_count > 0' failed

(/usr/lib/firefox/firefox:5017): GLib-GObject-CRITICAL **: g_object_unref: assertion 'object->ref_count > 0' failed

(/usr/lib/firefox/firefox:5017): GLib-GObject-CRITICAL **: g_object_ref: assertion 'object->ref_count > 0' failed

(/usr/lib/firefox/firefox:5017): GLib-GObject-CRITICAL **: g_object_unref: assertion 'object->ref_count > 0' failed
1497601485844	Marionette	INFO	New connections will no longer be accepted
1497601505833	geckodriver	INFO	Listening on 127.0.0.1:48432
1497601506927	geckodriver::marionette	INFO	Starting browser /usr/bin/firefox with args ["-marionette"]

(firefox:5253): GLib-GObject-CRITICAL **: g_object_ref: assertion 'object->ref_count > 0' failed

(firefox:5253): GLib-GObject-CRITICAL **: g_object_unref: assertion 'object->ref_count > 0' failed

(firefox:5253): GLib-GObject-CRITICAL **: g_object_ref: assertion 'object->ref_count > 0' failed

(firefox:5253): GLib-GObject-CRITICAL **: g_object_unref: assertion 'object->ref_count > 0' failed
1497601510916	Marionette	INFO	Listening on port 33195
1497601511047	Marionette	WARN	TLS certificate errors will be ignored for this session

(/usr/lib/firefox/firefox:5361): GLib-GObject-CRITICAL **: g_object_ref: assertion 'object->ref_count > 0' failed

(/usr/lib/firefox/firefox:5361): GLib-GObject-CRITICAL **: g_object_unref: assertion 'object->ref_count > 0' failed

(/usr/lib/firefox/firefox:5361): GLib-GObject-CRITICAL **: g_object_ref: assertion 'object->ref_count > 0' failed

(/usr/lib/firefox/firefox:5361): GLib-GObject-CRITICAL **: g_object_unref: assertion 'object->ref_count > 0' failed
1497601516054	Marionette	INFO	New connections will no longer be accepted
1497601722397	geckodriver	INFO	Listening on 127.0.0.1:36977
1497601723507	geckodriver::marionette	INFO	Starting browser /usr/bin/firefox with args ["-marionette"]

(firefox:6639): GLib-GObject-CRITICAL **: g_object_ref: assertion 'object->ref_count > 0' failed

(firefox:6639): GLib-GObject-CRITICAL **: g_object_unref: assertion 'object->ref_count > 0' failed

(firefox:6639): GLib-GObject-CRITICAL **: g_object_ref: assertion 'object->ref_count > 0' failed

(firefox:6639): GLib-GObject-CRITICAL **: g_object_unref: assertion 'object->ref_count > 0' failed
1497601728385	Marionette	INFO	Listening on port 35421
1497601728526	Marionette	WARN	TLS certificate errors will be ignored for this session

(/usr/lib/firefox/firefox:6732): GLib-GObject-CRITICAL **: g_object_ref: assertion 'object->ref_count > 0' failed

(/usr/lib/firefox/firefox:6732): GLib-GObject-CRITICAL **: g_object_unref: assertion 'object->ref_count > 0' failed

(/usr/lib/firefox/firefox:6732): GLib-GObject-CRITICAL **: g_object_ref: assertion 'object->ref_count > 0' failed

(/usr/lib/firefox/firefox:6732): GLib-GObject-CRITICAL **: g_object_unref: assertion 'object->ref_count > 0' failed
1497601732999	Marionette	INFO	New connections will no longer be accepted
1497601870185	geckodriver	INFO	Listening on 127.0.0.1:38054
1497601871303	geckodriver::marionette	INFO	Starting browser /usr/bin/firefox with args ["-marionette"]

(firefox:7629): GLib-GObject-CRITICAL **: g_object_ref: assertion 'object->ref_count > 0' failed

(firefox:7629): GLib-GObject-CRITICAL **: g_object_unref: assertion 'object->ref_count > 0' failed

(firefox:7629): GLib-GObject-CRITICAL **: g_object_ref: assertion 'object->ref_count > 0' failed

(firefox:7629): GLib-GObject-CRITICAL **: g_object_unref: assertion 'object->ref_count > 0' failed
1497601875575	Marionette	INFO	Listening on port 42021
1497601875657	Marionette	WARN	TLS certificate errors will be ignored for this session

(/usr/lib/firefox/firefox:7718): GLib-GObject-CRITICAL **: g_object_ref: assertion 'object->ref_count > 0' failed

(/usr/lib/firefox/firefox:7718): GLib-GObject-CRITICAL **: g_object_unref: assertion 'object->ref_count > 0' failed

(/usr/lib/firefox/firefox:7718): GLib-GObject-CRITICAL **: g_object_ref: assertion 'object->ref_count > 0' failed

(/usr/lib/firefox/firefox:7718): GLib-GObject-CRITICAL **: g_object_unref: assertion 'object->ref_count > 0' failed
1497601879915	Marionette	INFO	New connections will no longer be accepted
1497604494038	geckodriver	INFO	Listening on 127.0.0.1:58063
1497604495307	geckodriver::marionette	INFO	Starting browser /usr/bin/firefox with args ["-marionette"]

(firefox:23185): GLib-GObject-CRITICAL **: g_object_ref: assertion 'object->ref_count > 0' failed

(firefox:23185): GLib-GObject-CRITICAL **: g_object_unref: assertion 'object->ref_count > 0' failed

(firefox:23185): GLib-GObject-CRITICAL **: g_object_ref: assertion 'object->ref_count > 0' failed

(firefox:23185): GLib-GObject-CRITICAL **: g_object_unref: assertion 'object->ref_count > 0' failed
1497604508963	Marionette	INFO	Listening on port 53316
1497604509907	Marionette	WARN	TLS certificate errors will be ignored for this session

(/usr/lib/firefox/firefox:23308): GLib-GObject-CRITICAL **: g_object_ref: assertion 'object->ref_count > 0' failed

(/usr/lib/firefox/firefox:23308): GLib-GObject-CRITICAL **: g_object_unref: assertion 'object->ref_count > 0' failed

(/usr/lib/firefox/firefox:23308): GLib-GObject-CRITICAL **: g_object_ref: assertion 'object->ref_count > 0' failed

(/usr/lib/firefox/firefox:23308): GLib-GObject-CRITICAL **: g_object_unref: assertion 'object->ref_count > 0' failed
1497604513265	Marionette	INFO	New connections will no longer be accepted
1497838082618	geckodriver	INFO	Listening on 127.0.0.1:54503
1497838083841	geckodriver::marionette	INFO	Starting browser /usr/bin/firefox with args ["-marionette"]

(firefox:7295): GLib-GObject-CRITICAL **: g_object_ref: assertion 'object->ref_count > 0' failed

(firefox:7295): GLib-GObject-CRITICAL **: g_object_unref: assertion 'object->ref_count > 0' failed

(firefox:7295): GLib-GObject-CRITICAL **: g_object_ref: assertion 'object->ref_count > 0' failed

(firefox:7295): GLib-GObject-CRITICAL **: g_object_unref: assertion 'object->ref_count > 0' failed
1497838090337	Marionette	INFO	Listening on port 51371
1497838090544	Marionette	WARN	TLS certificate errors will be ignored for this session

(/usr/lib/firefox/firefox:7378): GLib-GObject-CRITICAL **: g_object_ref: assertion 'object->ref_count > 0' failed

(/usr/lib/firefox/firefox:7378): GLib-GObject-CRITICAL **: g_object_unref: assertion 'object->ref_count > 0' failed

(/usr/lib/firefox/firefox:7378): GLib-GObject-CRITICAL **: g_object_ref: assertion 'object->ref_count > 0' failed

(/usr/lib/firefox/firefox:7378): GLib-GObject-CRITICAL **: g_object_unref: assertion 'object->ref_count > 0' failed
1497838091506	Marionette	INFO	New connections will no longer be accepted
[Child 7378] WARNING: pipe error (3): 连接被对方重设: file /build/firefox-EX_27g/firefox-53.0.3+build1/ipc/chromium/src/chrome/common/ipc_channel_posix.cc, line 346
1497838143987	geckodriver	INFO	Listening on 127.0.0.1:33996
1497838145080	geckodriver::marionette	INFO	Starting browser /usr/bin/firefox with args ["-marionette"]

(firefox:7773): GLib-GObject-CRITICAL **: g_object_ref: assertion 'object->ref_count > 0' failed

(firefox:7773): GLib-GObject-CRITICAL **: g_object_unref: assertion 'object->ref_count > 0' failed

(firefox:7773): GLib-GObject-CRITICAL **: g_object_ref: assertion 'object->ref_count > 0' failed

(firefox:7773): GLib-GObject-CRITICAL **: g_object_unref: assertion 'object->ref_count > 0' failed
1497838148801	Marionette	INFO	Listening on port 47373

(/usr/lib/firefox/firefox:7859): GLib-GObject-CRITICAL **: g_object_ref: assertion 'object->ref_count > 0' failed

(/usr/lib/firefox/firefox:7859): GLib-GObject-CRITICAL **: g_object_unref: assertion 'object->ref_count > 0' failed
1497838148905	Marionette	WARN	TLS certificate errors will be ignored for this session

(/usr/lib/firefox/firefox:7859): GLib-GObject-CRITICAL **: g_object_ref: assertion 'object->ref_count > 0' failed

(/usr/lib/firefox/firefox:7859): GLib-GObject-CRITICAL **: g_object_unref: assertion 'object->ref_count > 0' failed
1497838150765	Marionette	INFO	New connections will no longer be accepted
[Child 7859] WARNING: pipe error (14): 连接被对方重设: file /build/firefox-EX_27g/firefox-53.0.3+build1/ipc/chromium/src/chrome/common/ipc_channel_posix.cc, line 346
1497838265126	geckodriver	INFO	Listening on 127.0.0.1:35765
1497838266215	geckodriver::marionette	INFO	Starting browser /usr/bin/firefox with args ["-marionette"]

(firefox:8632): GLib-GObject-CRITICAL **: g_object_ref: assertion 'object->ref_count > 0' failed

(firefox:8632): GLib-GObject-CRITICAL **: g_object_unref: assertion 'object->ref_count > 0' failed

(firefox:8632): GLib-GObject-CRITICAL **: g_object_ref: assertion 'object->ref_count > 0' failed

(firefox:8632): GLib-GObject-CRITICAL **: g_object_unref: assertion 'object->ref_count > 0' failed
1497838270091	Marionette	INFO	Listening on port 48799
1497838270211	Marionette	WARN	TLS certificate errors will be ignored for this session

(/usr/lib/firefox/firefox:8707): GLib-GObject-CRITICAL **: g_object_ref: assertion 'object->ref_count > 0' failed

(/usr/lib/firefox/firefox:8707): GLib-GObject-CRITICAL **: g_object_unref: assertion 'object->ref_count > 0' failed

(/usr/lib/firefox/firefox:8707): GLib-GObject-CRITICAL **: g_object_ref: assertion 'object->ref_count > 0' failed

(/usr/lib/firefox/firefox:8707): GLib-GObject-CRITICAL **: g_object_unref: assertion 'object->ref_count > 0' failed
1497838271508	Marionette	INFO	New connections will no longer be accepted
[Child 8707] WARNING: pipe error (3): 连接被对方重设: file /build/firefox-EX_27g/firefox-53.0.3+build1/ipc/chromium/src/chrome/common/ipc_channel_posix.cc, line 346
1497838496531	geckodriver	INFO	Listening on 127.0.0.1:44964
1497838497625	geckodriver::marionette	INFO	Starting browser /usr/bin/firefox with args ["-marionette"]

(firefox:10077): GLib-GObject-CRITICAL **: g_object_ref: assertion 'object->ref_count > 0' failed

(firefox:10077): GLib-GObject-CRITICAL **: g_object_unref: assertion 'object->ref_count > 0' failed

(firefox:10077): GLib-GObject-CRITICAL **: g_object_ref: assertion 'object->ref_count > 0' failed

(firefox:10077): GLib-GObject-CRITICAL **: g_object_unref: assertion 'object->ref_count > 0' failed
1497838501846	Marionette	INFO	Listening on port 41802

(/usr/lib/firefox/firefox:10160): GLib-GObject-CRITICAL **: g_object_ref: assertion 'object->ref_count > 0' failed

(/usr/lib/firefox/firefox:10160): GLib-GObject-CRITICAL **: g_object_unref: assertion 'object->ref_count > 0' failed

(/usr/lib/firefox/firefox:10160): GLib-GObject-CRITICAL **: g_object_ref: assertion 'object->ref_count > 0' failed

(/usr/lib/firefox/firefox:10160): GLib-GObject-CRITICAL **: g_object_unref: assertion 'object->ref_count > 0' failed
1497838501985	Marionette	WARN	TLS certificate errors will be ignored for this session
1497838503240	Marionette	INFO	New connections will no longer be accepted
1497838536326	geckodriver	INFO	Listening on 127.0.0.1:52487
1497838537418	geckodriver::marionette	INFO	Starting browser /usr/bin/firefox with args ["-marionette"]

(firefox:10417): GLib-GObject-CRITICAL **: g_object_ref: assertion 'object->ref_count > 0' failed

(firefox:10417): GLib-GObject-CRITICAL **: g_object_unref: assertion 'object->ref_count > 0' failed

(firefox:10417): GLib-GObject-CRITICAL **: g_object_ref: assertion 'object->ref_count > 0' failed

(firefox:10417): GLib-GObject-CRITICAL **: g_object_unref: assertion 'object->ref_count > 0' failed
1497838541313	Marionette	INFO	Listening on port 40503
1497838541371	Marionette	WARN	TLS certificate errors will be ignored for this session

(/usr/lib/firefox/firefox:10502): GLib-GObject-CRITICAL **: g_object_ref: assertion 'object->ref_count > 0' failed

(/usr/lib/firefox/firefox:10502): GLib-GObject-CRITICAL **: g_object_unref: assertion 'object->ref_count > 0' failed

(/usr/lib/firefox/firefox:10502): GLib-GObject-CRITICAL **: g_object_ref: assertion 'object->ref_count > 0' failed

(/usr/lib/firefox/firefox:10502): GLib-GObject-CRITICAL **: g_object_unref: assertion 'object->ref_count > 0' failed
1497838542632	Marionette	INFO	New connections will no longer be accepted
1497838561087	geckodriver	INFO	Listening on 127.0.0.1:41442
1497838562194	geckodriver::marionette	INFO	Starting browser /usr/bin/firefox with args ["-marionette"]

(firefox:10684): GLib-GObject-CRITICAL **: g_object_ref: assertion 'object->ref_count > 0' failed

(firefox:10684): GLib-GObject-CRITICAL **: g_object_unref: assertion 'object->ref_count > 0' failed

(firefox:10684): GLib-GObject-CRITICAL **: g_object_ref: assertion 'object->ref_count > 0' failed

(firefox:10684): GLib-GObject-CRITICAL **: g_object_unref: assertion 'object->ref_count > 0' failed
1497838565973	Marionette	INFO	Listening on port 55139
1497838566104	Marionette	WARN	TLS certificate errors will be ignored for this session

(/usr/lib/firefox/firefox:10774): GLib-GObject-CRITICAL **: g_object_ref: assertion 'object->ref_count > 0' failed

(/usr/lib/firefox/firefox:10774): GLib-GObject-CRITICAL **: g_object_unref: assertion 'object->ref_count > 0' failed

(/usr/lib/firefox/firefox:10774): GLib-GObject-CRITICAL **: g_object_ref: assertion 'object->ref_count > 0' failed

(/usr/lib/firefox/firefox:10774): GLib-GObject-CRITICAL **: g_object_unref: assertion 'object->ref_count > 0' failed
1497838567264	Marionette	INFO	New connections will no longer be accepted
[Child 10774] WARNING: pipe error (3): 连接被对方重设: file /build/firefox-EX_27g/firefox-53.0.3+build1/ipc/chromium/src/chrome/common/ipc_channel_posix.cc, line 346
1499225716184	geckodriver	INFO	Listening on 127.0.0.1:45918
1499225717430	geckodriver::marionette	INFO	Starting browser /usr/bin/firefox with args ["-marionette"]

(firefox:25680): GLib-GObject-CRITICAL **: g_object_ref: assertion 'object->ref_count > 0' failed

(firefox:25680): GLib-GObject-CRITICAL **: g_object_unref: assertion 'object->ref_count > 0' failed

(firefox:25680): GLib-GObject-CRITICAL **: g_object_ref: assertion 'object->ref_count > 0' failed

(firefox:25680): GLib-GObject-CRITICAL **: g_object_unref: assertion 'object->ref_count > 0' failed
1499225735279	Marionette	INFO	Listening on port 57998
1499225736061	Marionette	WARN	TLS certificate errors will be ignored for this session

(/usr/lib/firefox/firefox:25809): GLib-GObject-CRITICAL **: g_object_ref: assertion 'object->ref_count > 0' failed

(/usr/lib/firefox/firefox:25809): GLib-GObject-CRITICAL **: g_object_unref: assertion 'object->ref_count > 0' failed

(/usr/lib/firefox/firefox:25809): GLib-GObject-CRITICAL **: g_object_ref: assertion 'object->ref_count > 0' failed

(/usr/lib/firefox/firefox:25809): GLib-GObject-CRITICAL **: g_object_unref: assertion 'object->ref_count > 0' failed
1499225741848	Marionette	INFO	New connections will no longer be accepted
1499225813531	geckodriver	INFO	Listening on 127.0.0.1:46450
1499225814735	geckodriver::marionette	INFO	Starting browser /usr/bin/firefox with args ["-marionette"]

(firefox:26349): GLib-GObject-CRITICAL **: g_object_ref: assertion 'object->ref_count > 0' failed

(firefox:26349): GLib-GObject-CRITICAL **: g_object_unref: assertion 'object->ref_count > 0' failed

(firefox:26349): GLib-GObject-CRITICAL **: g_object_ref: assertion 'object->ref_count > 0' failed

(firefox:26349): GLib-GObject-CRITICAL **: g_object_unref: assertion 'object->ref_count > 0' failed
1499225825074	Marionette	INFO	Listening on port 59592
1499225825326	Marionette	WARN	TLS certificate errors will be ignored for this session

(/usr/lib/firefox/firefox:26455): GLib-GObject-CRITICAL **: g_object_ref: assertion 'object->ref_count > 0' failed

(/usr/lib/firefox/firefox:26455): GLib-GObject-CRITICAL **: g_object_unref: assertion 'object->ref_count > 0' failed

(/usr/lib/firefox/firefox:26455): GLib-GObject-CRITICAL **: g_object_ref: assertion 'object->ref_count > 0' failed

(/usr/lib/firefox/firefox:26455): GLib-GObject-CRITICAL **: g_object_unref: assertion 'object->ref_count > 0' failed
1499225829746	Marionette	INFO	New connections will no longer be accepted
1499226190746	geckodriver	INFO	Listening on 127.0.0.1:35173
1499226191866	geckodriver::marionette	INFO	Starting browser /usr/bin/firefox with args ["-marionette"]

(firefox:28659): GLib-GObject-CRITICAL **: g_object_ref: assertion 'object->ref_count > 0' failed

(firefox:28659): GLib-GObject-CRITICAL **: g_object_unref: assertion 'object->ref_count > 0' failed

(firefox:28659): GLib-GObject-CRITICAL **: g_object_ref: assertion 'object->ref_count > 0' failed

(firefox:28659): GLib-GObject-CRITICAL **: g_object_unref: assertion 'object->ref_count > 0' failed
1499226199761	Marionette	INFO	Listening on port 39780
1499226200117	Marionette	WARN	TLS certificate errors will be ignored for this session

(/usr/lib/firefox/firefox:28758): GLib-GObject-CRITICAL **: g_object_ref: assertion 'object->ref_count > 0' failed

(/usr/lib/firefox/firefox:28758): GLib-GObject-CRITICAL **: g_object_unref: assertion 'object->ref_count > 0' failed

(/usr/lib/firefox/firefox:28758): GLib-GObject-CRITICAL **: g_object_ref: assertion 'object->ref_count > 0' failed

(/usr/lib/firefox/firefox:28758): GLib-GObject-CRITICAL **: g_object_unref: assertion 'object->ref_count > 0' failed
1499226205221	Marionette	INFO	New connections will no longer be accepted
1499226328505	geckodriver	INFO	Listening on 127.0.0.1:55893
1499226328736	geckodriver::marionette	INFO	Starting browser /usr/bin/firefox with args ["-marionette"]

(firefox:29643): GLib-GObject-CRITICAL **: g_object_ref: assertion 'object->ref_count > 0' failed

(firefox:29643): GLib-GObject-CRITICAL **: g_object_unref: assertion 'object->ref_count > 0' failed

(firefox:29643): GLib-GObject-CRITICAL **: g_object_ref: assertion 'object->ref_count > 0' failed

(firefox:29643): GLib-GObject-CRITICAL **: g_object_unref: assertion 'object->ref_count > 0' failed
1499226335441	Marionette	INFO	Listening on port 50161
1499226335696	Marionette	WARN	TLS certificate errors will be ignored for this session

(/usr/lib/firefox/firefox:29724): GLib-GObject-CRITICAL **: g_object_ref: assertion 'object->ref_count > 0' failed

(/usr/lib/firefox/firefox:29724): GLib-GObject-CRITICAL **: g_object_unref: assertion 'object->ref_count > 0' failed

(/usr/lib/firefox/firefox:29724): GLib-GObject-CRITICAL **: g_object_ref: assertion 'object->ref_count > 0' failed

(/usr/lib/firefox/firefox:29724): GLib-GObject-CRITICAL **: g_object_unref: assertion 'object->ref_count > 0' failed
1499226338797	Marionette	INFO	New connections will no longer be accepted
1499226760475	geckodriver	INFO	Listening on 127.0.0.1:36479
1499226761557	geckodriver::marionette	INFO	Starting browser /usr/bin/firefox with args ["-marionette"]

(firefox:32134): GLib-GObject-CRITICAL **: g_object_ref: assertion 'object->ref_count > 0' failed

(firefox:32134): GLib-GObject-CRITICAL **: g_object_unref: assertion 'object->ref_count > 0' failed

(firefox:32134): GLib-GObject-CRITICAL **: g_object_ref: assertion 'object->ref_count > 0' failed

(firefox:32134): GLib-GObject-CRITICAL **: g_object_unref: assertion 'object->ref_count > 0' failed
1499226765361	Marionette	INFO	Listening on port 38517
1499226765620	Marionette	WARN	TLS certificate errors will be ignored for this session

(/usr/lib/firefox/firefox:32217): GLib-GObject-CRITICAL **: g_object_ref: assertion 'object->ref_count > 0' failed

(/usr/lib/firefox/firefox:32217): GLib-GObject-CRITICAL **: g_object_unref: assertion 'object->ref_count > 0' failed

(/usr/lib/firefox/firefox:32217): GLib-GObject-CRITICAL **: g_object_ref: assertion 'object->ref_count > 0' failed

(/usr/lib/firefox/firefox:32217): GLib-GObject-CRITICAL **: g_object_unref: assertion 'object->ref_count > 0' failed
1499226807160	geckodriver	INFO	Listening on 127.0.0.1:41714
1499226808259	geckodriver::marionette	INFO	Starting browser /usr/bin/firefox with args ["-marionette"]

(firefox:32521): GLib-GObject-CRITICAL **: g_object_ref: assertion 'object->ref_count > 0' failed

(firefox:32521): GLib-GObject-CRITICAL **: g_object_unref: assertion 'object->ref_count > 0' failed

(firefox:32521): GLib-GObject-CRITICAL **: g_object_ref: assertion 'object->ref_count > 0' failed

(firefox:32521): GLib-GObject-CRITICAL **: g_object_unref: assertion 'object->ref_count > 0' failed
1499226814538	Marionette	INFO	Listening on port 58785
1499226814694	Marionette	WARN	TLS certificate errors will be ignored for this session

(/usr/lib/firefox/firefox:32603): GLib-GObject-CRITICAL **: g_object_ref: assertion 'object->ref_count > 0' failed

(/usr/lib/firefox/firefox:32603): GLib-GObject-CRITICAL **: g_object_unref: assertion 'object->ref_count > 0' failed

(/usr/lib/firefox/firefox:32603): GLib-GObject-CRITICAL **: g_object_ref: assertion 'object->ref_count > 0' failed

(/usr/lib/firefox/firefox:32603): GLib-GObject-CRITICAL **: g_object_unref: assertion 'object->ref_count > 0' failed
1499226817791	Marionette	INFO	New connections will no longer be accepted

** (firefox:32134): WARNING **: No marshaller for signature of signal 'PropertiesChanged'
*************************
A coding exception was thrown and uncaught in a Task.

Full message: TypeError: NetworkError when attempting to fetch resource.
Full stack: 
*************************

(firefox:32134): Gdk-WARNING **: firefox: Fatal IO error 104 (连接被对方重设) on X server :0.


(/usr/lib/firefox/firefox:32217): Gdk-WARNING **: /usr/lib/firefox/firefox: Fatal IO error 11 (资源暂时不可用) on X server :0.

